<?xml version="1.0" encoding="UTF-8"?>
<testng-results skipped="0" failed="3" total="92" passed="89">
  <reporter-output>
    <line>
      <![CDATA[M3 WAS CALLED]]>
    </line>
    <line>
      <![CDATA[Page3Test WAS CALLED]]>
    </line>
  </reporter-output>
  <suite name="Simple Reporter Suite" duration-ms="149" started-at="2017-07-18T21:14:54Z" finished-at="2017-07-18T21:14:54Z">
    <groups>
    </groups>
    <test name="Simple Reporter test" duration-ms="149" started-at="2017-07-18T21:14:54Z" finished-at="2017-07-18T21:14:54Z">
      <class name="com.AmazonTests">
        <test-method status="PASS" signature="Page10Test()[pri:0, instance:com.AmazonTests@25618e91]" name="Page10Test" duration-ms="13" started-at="2017-07-19T02:44:54Z" finished-at="2017-07-19T02:44:54Z">
          <reporter-output>
          </reporter-output>
        </test-method> <!-- Page10Test -->
        <test-method status="PASS" signature="Page11()[pri:0, instance:com.AmazonTests@25618e91]" name="Page11" duration-ms="1" started-at="2017-07-19T02:44:54Z" finished-at="2017-07-19T02:44:54Z">
          <reporter-output>
          </reporter-output>
        </test-method> <!-- Page11 -->
        <test-method status="PASS" signature="Page11Test()[pri:0, instance:com.AmazonTests@25618e91]" name="Page11Test" duration-ms="1" started-at="2017-07-19T02:44:54Z" finished-at="2017-07-19T02:44:54Z">
          <reporter-output>
          </reporter-output>
        </test-method> <!-- Page11Test -->
        <test-method status="PASS" signature="Page12()[pri:0, instance:com.AmazonTests@25618e91]" name="Page12" duration-ms="1" started-at="2017-07-19T02:44:54Z" finished-at="2017-07-19T02:44:54Z">
          <reporter-output>
          </reporter-output>
        </test-method> <!-- Page12 -->
        <test-method status="PASS" signature="Page13()[pri:0, instance:com.AmazonTests@25618e91]" name="Page13" duration-ms="3" started-at="2017-07-19T02:44:54Z" finished-at="2017-07-19T02:44:54Z">
          <reporter-output>
          </reporter-output>
        </test-method> <!-- Page13 -->
        <test-method status="PASS" signature="Page14()[pri:0, instance:com.AmazonTests@25618e91]" name="Page14" duration-ms="1" started-at="2017-07-19T02:44:54Z" finished-at="2017-07-19T02:44:54Z">
          <reporter-output>
          </reporter-output>
        </test-method> <!-- Page14 -->
        <test-method status="PASS" signature="Page16()[pri:0, instance:com.AmazonTests@25618e91]" name="Page16" duration-ms="1" started-at="2017-07-19T02:44:54Z" finished-at="2017-07-19T02:44:54Z">
          <reporter-output>
          </reporter-output>
        </test-method> <!-- Page16 -->
        <test-method status="PASS" signature="Page15()[pri:0, instance:com.AmazonTests@25618e91]" name="Page15" duration-ms="0" started-at="2017-07-19T02:44:54Z" finished-at="2017-07-19T02:44:54Z">
          <reporter-output>
          </reporter-output>
        </test-method> <!-- Page15 -->
        <test-method status="PASS" signature="Page17()[pri:0, instance:com.AmazonTests@25618e91]" name="Page17" duration-ms="1" started-at="2017-07-19T02:44:54Z" finished-at="2017-07-19T02:44:54Z">
          <reporter-output>
          </reporter-output>
        </test-method> <!-- Page17 -->
        <test-method status="PASS" signature="Page18()[pri:0, instance:com.AmazonTests@25618e91]" name="Page18" duration-ms="1" started-at="2017-07-19T02:44:54Z" finished-at="2017-07-19T02:44:54Z">
          <reporter-output>
          </reporter-output>
        </test-method> <!-- Page18 -->
        <test-method status="PASS" signature="Page19()[pri:0, instance:com.AmazonTests@25618e91]" name="Page19" duration-ms="1" started-at="2017-07-19T02:44:54Z" finished-at="2017-07-19T02:44:54Z">
          <reporter-output>
          </reporter-output>
        </test-method> <!-- Page19 -->
        <test-method status="PASS" signature="Page1Test()[pri:0, instance:com.AmazonTests@25618e91]" name="Page1Test" duration-ms="1" started-at="2017-07-19T02:44:54Z" finished-at="2017-07-19T02:44:54Z">
          <reporter-output>
          </reporter-output>
        </test-method> <!-- Page1Test -->
        <test-method status="PASS" signature="Page20()[pri:0, instance:com.AmazonTests@25618e91]" name="Page20" duration-ms="1" started-at="2017-07-19T02:44:54Z" finished-at="2017-07-19T02:44:54Z">
          <reporter-output>
          </reporter-output>
        </test-method> <!-- Page20 -->
        <test-method status="PASS" signature="Page22()[pri:0, instance:com.AmazonTests@25618e91]" name="Page22" duration-ms="1" started-at="2017-07-19T02:44:54Z" finished-at="2017-07-19T02:44:54Z">
          <reporter-output>
          </reporter-output>
        </test-method> <!-- Page22 -->
        <test-method status="PASS" signature="Page21()[pri:0, instance:com.AmazonTests@25618e91]" name="Page21" duration-ms="0" started-at="2017-07-19T02:44:54Z" finished-at="2017-07-19T02:44:54Z">
          <reporter-output>
          </reporter-output>
        </test-method> <!-- Page21 -->
        <test-method status="PASS" signature="Page23()[pri:0, instance:com.AmazonTests@25618e91]" name="Page23" duration-ms="1" started-at="2017-07-19T02:44:54Z" finished-at="2017-07-19T02:44:54Z">
          <reporter-output>
          </reporter-output>
        </test-method> <!-- Page23 -->
        <test-method status="PASS" signature="Page25()[pri:0, instance:com.AmazonTests@25618e91]" name="Page25" duration-ms="1" started-at="2017-07-19T02:44:54Z" finished-at="2017-07-19T02:44:54Z">
          <reporter-output>
          </reporter-output>
        </test-method> <!-- Page25 -->
        <test-method status="PASS" signature="Page24()[pri:0, instance:com.AmazonTests@25618e91]" name="Page24" duration-ms="0" started-at="2017-07-19T02:44:54Z" finished-at="2017-07-19T02:44:54Z">
          <reporter-output>
          </reporter-output>
        </test-method> <!-- Page24 -->
        <test-method status="PASS" signature="Page27()[pri:0, instance:com.AmazonTests@25618e91]" name="Page27" duration-ms="1" started-at="2017-07-19T02:44:54Z" finished-at="2017-07-19T02:44:54Z">
          <reporter-output>
          </reporter-output>
        </test-method> <!-- Page27 -->
        <test-method status="PASS" signature="Page26()[pri:0, instance:com.AmazonTests@25618e91]" name="Page26" duration-ms="0" started-at="2017-07-19T02:44:54Z" finished-at="2017-07-19T02:44:54Z">
          <reporter-output>
          </reporter-output>
        </test-method> <!-- Page26 -->
        <test-method status="PASS" signature="Page28()[pri:0, instance:com.AmazonTests@25618e91]" name="Page28" duration-ms="1" started-at="2017-07-19T02:44:54Z" finished-at="2017-07-19T02:44:54Z">
          <reporter-output>
          </reporter-output>
        </test-method> <!-- Page28 -->
        <test-method status="PASS" signature="Page29()[pri:0, instance:com.AmazonTests@25618e91]" name="Page29" duration-ms="5" started-at="2017-07-19T02:44:54Z" finished-at="2017-07-19T02:44:54Z">
          <reporter-output>
          </reporter-output>
        </test-method> <!-- Page29 -->
        <test-method status="PASS" signature="Page2Test()[pri:0, instance:com.AmazonTests@25618e91]" name="Page2Test" duration-ms="2" started-at="2017-07-19T02:44:54Z" finished-at="2017-07-19T02:44:54Z">
          <reporter-output>
            <line>
              <![CDATA[M3 WAS CALLED]]>
            </line>
          </reporter-output>
        </test-method> <!-- Page2Test -->
        <test-method status="PASS" signature="Page30()[pri:0, instance:com.AmazonTests@25618e91]" name="Page30" duration-ms="1" started-at="2017-07-19T02:44:54Z" finished-at="2017-07-19T02:44:54Z">
          <reporter-output>
          </reporter-output>
        </test-method> <!-- Page30 -->
        <test-method status="PASS" signature="Page31()[pri:0, instance:com.AmazonTests@25618e91]" name="Page31" duration-ms="0" started-at="2017-07-19T02:44:54Z" finished-at="2017-07-19T02:44:54Z">
          <reporter-output>
          </reporter-output>
        </test-method> <!-- Page31 -->
        <test-method status="PASS" signature="Page32()[pri:0, instance:com.AmazonTests@25618e91]" name="Page32" duration-ms="0" started-at="2017-07-19T02:44:54Z" finished-at="2017-07-19T02:44:54Z">
          <reporter-output>
          </reporter-output>
        </test-method> <!-- Page32 -->
        <test-method status="PASS" signature="Page34()[pri:0, instance:com.AmazonTests@25618e91]" name="Page34" duration-ms="1" started-at="2017-07-19T02:44:54Z" finished-at="2017-07-19T02:44:54Z">
          <reporter-output>
          </reporter-output>
        </test-method> <!-- Page34 -->
        <test-method status="PASS" signature="Page33()[pri:0, instance:com.AmazonTests@25618e91]" name="Page33" duration-ms="0" started-at="2017-07-19T02:44:54Z" finished-at="2017-07-19T02:44:54Z">
          <reporter-output>
          </reporter-output>
        </test-method> <!-- Page33 -->
        <test-method status="PASS" signature="Page35()[pri:0, instance:com.AmazonTests@25618e91]" name="Page35" duration-ms="1" started-at="2017-07-19T02:44:54Z" finished-at="2017-07-19T02:44:54Z">
          <reporter-output>
          </reporter-output>
        </test-method> <!-- Page35 -->
        <test-method status="PASS" signature="Page36()[pri:0, instance:com.AmazonTests@25618e91]" name="Page36" duration-ms="1" started-at="2017-07-19T02:44:54Z" finished-at="2017-07-19T02:44:54Z">
          <reporter-output>
          </reporter-output>
        </test-method> <!-- Page36 -->
        <test-method status="PASS" signature="Page37()[pri:0, instance:com.AmazonTests@25618e91]" name="Page37" duration-ms="1" started-at="2017-07-19T02:44:54Z" finished-at="2017-07-19T02:44:54Z">
          <reporter-output>
          </reporter-output>
        </test-method> <!-- Page37 -->
        <test-method status="PASS" signature="Page38()[pri:0, instance:com.AmazonTests@25618e91]" name="Page38" duration-ms="2" started-at="2017-07-19T02:44:54Z" finished-at="2017-07-19T02:44:54Z">
          <reporter-output>
          </reporter-output>
        </test-method> <!-- Page38 -->
        <test-method status="PASS" signature="Page39()[pri:0, instance:com.AmazonTests@25618e91]" name="Page39" duration-ms="1" started-at="2017-07-19T02:44:54Z" finished-at="2017-07-19T02:44:54Z">
          <reporter-output>
          </reporter-output>
        </test-method> <!-- Page39 -->
        <test-method status="PASS" signature="Page3Test()[pri:0, instance:com.AmazonTests@25618e91]" name="Page3Test" duration-ms="1" started-at="2017-07-19T02:44:54Z" finished-at="2017-07-19T02:44:54Z">
          <reporter-output>
            <line>
              <![CDATA[Page3Test WAS CALLED]]>
            </line>
          </reporter-output>
        </test-method> <!-- Page3Test -->
        <test-method status="PASS" signature="Page40()[pri:0, instance:com.AmazonTests@25618e91]" name="Page40" duration-ms="1" started-at="2017-07-19T02:44:54Z" finished-at="2017-07-19T02:44:54Z">
          <reporter-output>
          </reporter-output>
        </test-method> <!-- Page40 -->
        <test-method status="PASS" signature="Page41()[pri:0, instance:com.AmazonTests@25618e91]" name="Page41" duration-ms="1" started-at="2017-07-19T02:44:54Z" finished-at="2017-07-19T02:44:54Z">
          <reporter-output>
          </reporter-output>
        </test-method> <!-- Page41 -->
        <test-method status="PASS" signature="Page42()[pri:0, instance:com.AmazonTests@25618e91]" name="Page42" duration-ms="1" started-at="2017-07-19T02:44:54Z" finished-at="2017-07-19T02:44:54Z">
          <reporter-output>
          </reporter-output>
        </test-method> <!-- Page42 -->
        <test-method status="PASS" signature="Page43()[pri:0, instance:com.AmazonTests@25618e91]" name="Page43" duration-ms="0" started-at="2017-07-19T02:44:54Z" finished-at="2017-07-19T02:44:54Z">
          <reporter-output>
          </reporter-output>
        </test-method> <!-- Page43 -->
        <test-method status="PASS" signature="Page44()[pri:0, instance:com.AmazonTests@25618e91]" name="Page44" duration-ms="0" started-at="2017-07-19T02:44:54Z" finished-at="2017-07-19T02:44:54Z">
          <reporter-output>
          </reporter-output>
        </test-method> <!-- Page44 -->
        <test-method status="PASS" signature="Page45()[pri:0, instance:com.AmazonTests@25618e91]" name="Page45" duration-ms="1" started-at="2017-07-19T02:44:54Z" finished-at="2017-07-19T02:44:54Z">
          <reporter-output>
          </reporter-output>
        </test-method> <!-- Page45 -->
        <test-method status="PASS" signature="Page46()[pri:0, instance:com.AmazonTests@25618e91]" name="Page46" duration-ms="1" started-at="2017-07-19T02:44:54Z" finished-at="2017-07-19T02:44:54Z">
          <reporter-output>
          </reporter-output>
        </test-method> <!-- Page46 -->
        <test-method status="PASS" signature="Page47()[pri:0, instance:com.AmazonTests@25618e91]" name="Page47" duration-ms="1" started-at="2017-07-19T02:44:54Z" finished-at="2017-07-19T02:44:54Z">
          <reporter-output>
          </reporter-output>
        </test-method> <!-- Page47 -->
        <test-method status="PASS" signature="Page48()[pri:0, instance:com.AmazonTests@25618e91]" name="Page48" duration-ms="1" started-at="2017-07-19T02:44:54Z" finished-at="2017-07-19T02:44:54Z">
          <reporter-output>
          </reporter-output>
        </test-method> <!-- Page48 -->
        <test-method status="PASS" signature="Page49()[pri:0, instance:com.AmazonTests@25618e91]" name="Page49" duration-ms="2" started-at="2017-07-19T02:44:54Z" finished-at="2017-07-19T02:44:54Z">
          <reporter-output>
          </reporter-output>
        </test-method> <!-- Page49 -->
        <test-method status="PASS" signature="Page4Test()[pri:0, instance:com.AmazonTests@25618e91]" name="Page4Test" duration-ms="1" started-at="2017-07-19T02:44:54Z" finished-at="2017-07-19T02:44:54Z">
          <reporter-output>
          </reporter-output>
        </test-method> <!-- Page4Test -->
        <test-method status="PASS" signature="Page50()[pri:0, instance:com.AmazonTests@25618e91]" name="Page50" duration-ms="1" started-at="2017-07-19T02:44:54Z" finished-at="2017-07-19T02:44:54Z">
          <reporter-output>
          </reporter-output>
        </test-method> <!-- Page50 -->
        <test-method status="PASS" signature="Page51()[pri:0, instance:com.AmazonTests@25618e91]" name="Page51" duration-ms="3" started-at="2017-07-19T02:44:54Z" finished-at="2017-07-19T02:44:54Z">
          <reporter-output>
          </reporter-output>
        </test-method> <!-- Page51 -->
        <test-method status="PASS" signature="Page52()[pri:0, instance:com.AmazonTests@25618e91]" name="Page52" duration-ms="1" started-at="2017-07-19T02:44:54Z" finished-at="2017-07-19T02:44:54Z">
          <reporter-output>
          </reporter-output>
        </test-method> <!-- Page52 -->
        <test-method status="PASS" signature="Page53()[pri:0, instance:com.AmazonTests@25618e91]" name="Page53" duration-ms="1" started-at="2017-07-19T02:44:54Z" finished-at="2017-07-19T02:44:54Z">
          <reporter-output>
          </reporter-output>
        </test-method> <!-- Page53 -->
        <test-method status="PASS" signature="Page54()[pri:0, instance:com.AmazonTests@25618e91]" name="Page54" duration-ms="1" started-at="2017-07-19T02:44:54Z" finished-at="2017-07-19T02:44:54Z">
          <reporter-output>
          </reporter-output>
        </test-method> <!-- Page54 -->
        <test-method status="PASS" signature="Page55()[pri:0, instance:com.AmazonTests@25618e91]" name="Page55" duration-ms="1" started-at="2017-07-19T02:44:54Z" finished-at="2017-07-19T02:44:54Z">
          <reporter-output>
          </reporter-output>
        </test-method> <!-- Page55 -->
        <test-method status="PASS" signature="Page56()[pri:0, instance:com.AmazonTests@25618e91]" name="Page56" duration-ms="1" started-at="2017-07-19T02:44:54Z" finished-at="2017-07-19T02:44:54Z">
          <reporter-output>
          </reporter-output>
        </test-method> <!-- Page56 -->
        <test-method status="PASS" signature="Page57()[pri:0, instance:com.AmazonTests@25618e91]" name="Page57" duration-ms="0" started-at="2017-07-19T02:44:54Z" finished-at="2017-07-19T02:44:54Z">
          <reporter-output>
          </reporter-output>
        </test-method> <!-- Page57 -->
        <test-method status="PASS" signature="Page58()[pri:0, instance:com.AmazonTests@25618e91]" name="Page58" duration-ms="1" started-at="2017-07-19T02:44:54Z" finished-at="2017-07-19T02:44:54Z">
          <reporter-output>
          </reporter-output>
        </test-method> <!-- Page58 -->
        <test-method status="PASS" signature="Page59()[pri:0, instance:com.AmazonTests@25618e91]" name="Page59" duration-ms="0" started-at="2017-07-19T02:44:54Z" finished-at="2017-07-19T02:44:54Z">
          <reporter-output>
          </reporter-output>
        </test-method> <!-- Page59 -->
        <test-method status="PASS" signature="Page5Test()[pri:0, instance:com.AmazonTests@25618e91]" name="Page5Test" duration-ms="1" started-at="2017-07-19T02:44:54Z" finished-at="2017-07-19T02:44:54Z">
          <reporter-output>
          </reporter-output>
        </test-method> <!-- Page5Test -->
        <test-method status="PASS" signature="Page60()[pri:0, instance:com.AmazonTests@25618e91]" name="Page60" duration-ms="1" started-at="2017-07-19T02:44:54Z" finished-at="2017-07-19T02:44:54Z">
          <reporter-output>
          </reporter-output>
        </test-method> <!-- Page60 -->
        <test-method status="PASS" signature="Page61()[pri:0, instance:com.AmazonTests@25618e91]" name="Page61" duration-ms="1" started-at="2017-07-19T02:44:54Z" finished-at="2017-07-19T02:44:54Z">
          <reporter-output>
          </reporter-output>
        </test-method> <!-- Page61 -->
        <test-method status="PASS" signature="Page62()[pri:0, instance:com.AmazonTests@25618e91]" name="Page62" duration-ms="1" started-at="2017-07-19T02:44:54Z" finished-at="2017-07-19T02:44:54Z">
          <reporter-output>
          </reporter-output>
        </test-method> <!-- Page62 -->
        <test-method status="PASS" signature="Page63()[pri:0, instance:com.AmazonTests@25618e91]" name="Page63" duration-ms="1" started-at="2017-07-19T02:44:54Z" finished-at="2017-07-19T02:44:54Z">
          <reporter-output>
          </reporter-output>
        </test-method> <!-- Page63 -->
        <test-method status="PASS" signature="Page64()[pri:0, instance:com.AmazonTests@25618e91]" name="Page64" duration-ms="1" started-at="2017-07-19T02:44:54Z" finished-at="2017-07-19T02:44:54Z">
          <reporter-output>
          </reporter-output>
        </test-method> <!-- Page64 -->
        <test-method status="PASS" signature="Page65()[pri:0, instance:com.AmazonTests@25618e91]" name="Page65" duration-ms="1" started-at="2017-07-19T02:44:54Z" finished-at="2017-07-19T02:44:54Z">
          <reporter-output>
          </reporter-output>
        </test-method> <!-- Page65 -->
        <test-method status="PASS" signature="Page66()[pri:0, instance:com.AmazonTests@25618e91]" name="Page66" duration-ms="1" started-at="2017-07-19T02:44:54Z" finished-at="2017-07-19T02:44:54Z">
          <reporter-output>
          </reporter-output>
        </test-method> <!-- Page66 -->
        <test-method status="PASS" signature="Page67()[pri:0, instance:com.AmazonTests@25618e91]" name="Page67" duration-ms="2" started-at="2017-07-19T02:44:54Z" finished-at="2017-07-19T02:44:54Z">
          <reporter-output>
          </reporter-output>
        </test-method> <!-- Page67 -->
        <test-method status="PASS" signature="Page68()[pri:0, instance:com.AmazonTests@25618e91]" name="Page68" duration-ms="1" started-at="2017-07-19T02:44:54Z" finished-at="2017-07-19T02:44:54Z">
          <reporter-output>
          </reporter-output>
        </test-method> <!-- Page68 -->
        <test-method status="PASS" signature="Page69()[pri:0, instance:com.AmazonTests@25618e91]" name="Page69" duration-ms="1" started-at="2017-07-19T02:44:54Z" finished-at="2017-07-19T02:44:54Z">
          <reporter-output>
          </reporter-output>
        </test-method> <!-- Page69 -->
        <test-method status="PASS" signature="Page6Test()[pri:0, instance:com.AmazonTests@25618e91]" name="Page6Test" duration-ms="1" started-at="2017-07-19T02:44:54Z" finished-at="2017-07-19T02:44:54Z">
          <reporter-output>
          </reporter-output>
        </test-method> <!-- Page6Test -->
        <test-method status="PASS" signature="Page70()[pri:0, instance:com.AmazonTests@25618e91]" name="Page70" duration-ms="1" started-at="2017-07-19T02:44:54Z" finished-at="2017-07-19T02:44:54Z">
          <reporter-output>
          </reporter-output>
        </test-method> <!-- Page70 -->
        <test-method status="PASS" signature="Page71()[pri:0, instance:com.AmazonTests@25618e91]" name="Page71" duration-ms="1" started-at="2017-07-19T02:44:54Z" finished-at="2017-07-19T02:44:54Z">
          <reporter-output>
          </reporter-output>
        </test-method> <!-- Page71 -->
        <test-method status="PASS" signature="Page72()[pri:0, instance:com.AmazonTests@25618e91]" name="Page72" duration-ms="1" started-at="2017-07-19T02:44:54Z" finished-at="2017-07-19T02:44:54Z">
          <reporter-output>
          </reporter-output>
        </test-method> <!-- Page72 -->
        <test-method status="PASS" signature="Page73()[pri:0, instance:com.AmazonTests@25618e91]" name="Page73" duration-ms="1" started-at="2017-07-19T02:44:54Z" finished-at="2017-07-19T02:44:54Z">
          <reporter-output>
          </reporter-output>
        </test-method> <!-- Page73 -->
        <test-method status="PASS" signature="Page74()[pri:0, instance:com.AmazonTests@25618e91]" name="Page74" duration-ms="1" started-at="2017-07-19T02:44:54Z" finished-at="2017-07-19T02:44:54Z">
          <reporter-output>
          </reporter-output>
        </test-method> <!-- Page74 -->
        <test-method status="PASS" signature="Page75()[pri:0, instance:com.AmazonTests@25618e91]" name="Page75" duration-ms="1" started-at="2017-07-19T02:44:54Z" finished-at="2017-07-19T02:44:54Z">
          <reporter-output>
          </reporter-output>
        </test-method> <!-- Page75 -->
        <test-method status="PASS" signature="Page76()[pri:0, instance:com.AmazonTests@25618e91]" name="Page76" duration-ms="1" started-at="2017-07-19T02:44:54Z" finished-at="2017-07-19T02:44:54Z">
          <reporter-output>
          </reporter-output>
        </test-method> <!-- Page76 -->
        <test-method status="PASS" signature="Page77()[pri:0, instance:com.AmazonTests@25618e91]" name="Page77" duration-ms="1" started-at="2017-07-19T02:44:54Z" finished-at="2017-07-19T02:44:54Z">
          <reporter-output>
          </reporter-output>
        </test-method> <!-- Page77 -->
        <test-method status="PASS" signature="Page78()[pri:0, instance:com.AmazonTests@25618e91]" name="Page78" duration-ms="1" started-at="2017-07-19T02:44:54Z" finished-at="2017-07-19T02:44:54Z">
          <reporter-output>
          </reporter-output>
        </test-method> <!-- Page78 -->
        <test-method status="PASS" signature="Page79()[pri:0, instance:com.AmazonTests@25618e91]" name="Page79" duration-ms="1" started-at="2017-07-19T02:44:54Z" finished-at="2017-07-19T02:44:54Z">
          <reporter-output>
          </reporter-output>
        </test-method> <!-- Page79 -->
        <test-method status="PASS" signature="Page7Test()[pri:0, instance:com.AmazonTests@25618e91]" name="Page7Test" duration-ms="1" started-at="2017-07-19T02:44:54Z" finished-at="2017-07-19T02:44:54Z">
          <reporter-output>
          </reporter-output>
        </test-method> <!-- Page7Test -->
        <test-method status="PASS" signature="Page80()[pri:0, instance:com.AmazonTests@25618e91]" name="Page80" duration-ms="2" started-at="2017-07-19T02:44:54Z" finished-at="2017-07-19T02:44:54Z">
          <reporter-output>
          </reporter-output>
        </test-method> <!-- Page80 -->
        <test-method status="PASS" signature="Page81()[pri:0, instance:com.AmazonTests@25618e91]" name="Page81" duration-ms="2" started-at="2017-07-19T02:44:54Z" finished-at="2017-07-19T02:44:54Z">
          <reporter-output>
          </reporter-output>
        </test-method> <!-- Page81 -->
        <test-method status="PASS" signature="Page82()[pri:0, instance:com.AmazonTests@25618e91]" name="Page82" duration-ms="1" started-at="2017-07-19T02:44:54Z" finished-at="2017-07-19T02:44:54Z">
          <reporter-output>
          </reporter-output>
        </test-method> <!-- Page82 -->
        <test-method status="PASS" signature="Page83()[pri:0, instance:com.AmazonTests@25618e91]" name="Page83" duration-ms="1" started-at="2017-07-19T02:44:54Z" finished-at="2017-07-19T02:44:54Z">
          <reporter-output>
          </reporter-output>
        </test-method> <!-- Page83 -->
        <test-method status="PASS" signature="Page84()[pri:0, instance:com.AmazonTests@25618e91]" name="Page84" duration-ms="0" started-at="2017-07-19T02:44:54Z" finished-at="2017-07-19T02:44:54Z">
          <reporter-output>
          </reporter-output>
        </test-method> <!-- Page84 -->
        <test-method status="PASS" signature="Page85()[pri:0, instance:com.AmazonTests@25618e91]" name="Page85" duration-ms="1" started-at="2017-07-19T02:44:54Z" finished-at="2017-07-19T02:44:54Z">
          <reporter-output>
          </reporter-output>
        </test-method> <!-- Page85 -->
        <test-method status="PASS" signature="Page86()[pri:0, instance:com.AmazonTests@25618e91]" name="Page86" duration-ms="0" started-at="2017-07-19T02:44:54Z" finished-at="2017-07-19T02:44:54Z">
          <reporter-output>
          </reporter-output>
        </test-method> <!-- Page86 -->
        <test-method status="PASS" signature="Page87()[pri:0, instance:com.AmazonTests@25618e91]" name="Page87" duration-ms="1" started-at="2017-07-19T02:44:54Z" finished-at="2017-07-19T02:44:54Z">
          <reporter-output>
          </reporter-output>
        </test-method> <!-- Page87 -->
        <test-method status="PASS" signature="Page88()[pri:0, instance:com.AmazonTests@25618e91]" name="Page88" duration-ms="1" started-at="2017-07-19T02:44:54Z" finished-at="2017-07-19T02:44:54Z">
          <reporter-output>
          </reporter-output>
        </test-method> <!-- Page88 -->
        <test-method status="FAIL" signature="Page89()[pri:0, instance:com.AmazonTests@25618e91]" name="Page89" duration-ms="2" started-at="2017-07-19T02:44:54Z" finished-at="2017-07-19T02:44:54Z">
          <exception class="java.lang.AssertionError">
            <message>
              <![CDATA[expected [true] but found [false]]]>
            </message>
            <full-stacktrace>
              <![CDATA[java.lang.AssertionError: expected [true] but found [false]
	at org.testng.Assert.fail(Assert.java:94)
	at org.testng.Assert.failNotEquals(Assert.java:496)
	at org.testng.Assert.assertEquals(Assert.java:125)
	at org.testng.Assert.assertEquals(Assert.java:288)
	at org.testng.Assert.assertEquals(Assert.java:298)
	at com.AmazonTests.Page89(AmazonTests.java:153)
	at sun.reflect.NativeMethodAccessorImpl.invoke0(Native Method)
	at sun.reflect.NativeMethodAccessorImpl.invoke(NativeMethodAccessorImpl.java:62)
	at sun.reflect.DelegatingMethodAccessorImpl.invoke(DelegatingMethodAccessorImpl.java:43)
	at java.lang.reflect.Method.invoke(Method.java:498)
	at org.testng.internal.MethodInvocationHelper.invokeMethod(MethodInvocationHelper.java:85)
	at org.testng.internal.Invoker.invokeMethod(Invoker.java:639)
	at org.testng.internal.Invoker.invokeTestMethod(Invoker.java:816)
	at org.testng.internal.Invoker.invokeTestMethods(Invoker.java:1124)
	at org.testng.internal.TestMethodWorker.invokeTestMethods(TestMethodWorker.java:125)
	at org.testng.internal.TestMethodWorker.run(TestMethodWorker.java:108)
	at org.testng.TestRunner.privateRun(TestRunner.java:774)
	at org.testng.TestRunner.run(TestRunner.java:624)
	at org.testng.SuiteRunner.runTest(SuiteRunner.java:359)
	at org.testng.SuiteRunner.runSequentially(SuiteRunner.java:354)
	at org.testng.SuiteRunner.privateRun(SuiteRunner.java:312)
	at org.testng.SuiteRunner.run(SuiteRunner.java:261)
	at org.testng.SuiteRunnerWorker.runSuite(SuiteRunnerWorker.java:52)
	at org.testng.SuiteRunnerWorker.run(SuiteRunnerWorker.java:86)
	at org.testng.TestNG.runSuitesSequentially(TestNG.java:1215)
	at org.testng.TestNG.runSuitesLocally(TestNG.java:1140)
	at org.testng.TestNG.run(TestNG.java:1048)
	at org.testng.TestNG.privateMain(TestNG.java:1355)
	at org.testng.TestNG.main(TestNG.java:1324)
]]>
            </full-stacktrace>
          </exception> <!-- java.lang.AssertionError -->
          <reporter-output>
          </reporter-output>
        </test-method> <!-- Page89 -->
        <test-method status="PASS" signature="Page8Test()[pri:0, instance:com.AmazonTests@25618e91]" name="Page8Test" duration-ms="0" started-at="2017-07-19T02:44:54Z" finished-at="2017-07-19T02:44:54Z">
          <reporter-output>
          </reporter-output>
        </test-method> <!-- Page8Test -->
        <test-method status="FAIL" signature="Page90()[pri:0, instance:com.AmazonTests@25618e91]" name="Page90" duration-ms="1" started-at="2017-07-19T02:44:54Z" finished-at="2017-07-19T02:44:54Z">
          <exception class="java.lang.AssertionError">
            <message>
              <![CDATA[expected [true] but found [false]]]>
            </message>
            <full-stacktrace>
              <![CDATA[java.lang.AssertionError: expected [true] but found [false]
	at org.testng.Assert.fail(Assert.java:94)
	at org.testng.Assert.failNotEquals(Assert.java:496)
	at org.testng.Assert.assertEquals(Assert.java:125)
	at org.testng.Assert.assertEquals(Assert.java:288)
	at org.testng.Assert.assertEquals(Assert.java:298)
	at com.AmazonTests.Page90(AmazonTests.java:154)
	at sun.reflect.NativeMethodAccessorImpl.invoke0(Native Method)
	at sun.reflect.NativeMethodAccessorImpl.invoke(NativeMethodAccessorImpl.java:62)
	at sun.reflect.DelegatingMethodAccessorImpl.invoke(DelegatingMethodAccessorImpl.java:43)
	at java.lang.reflect.Method.invoke(Method.java:498)
	at org.testng.internal.MethodInvocationHelper.invokeMethod(MethodInvocationHelper.java:85)
	at org.testng.internal.Invoker.invokeMethod(Invoker.java:639)
	at org.testng.internal.Invoker.invokeTestMethod(Invoker.java:816)
	at org.testng.internal.Invoker.invokeTestMethods(Invoker.java:1124)
	at org.testng.internal.TestMethodWorker.invokeTestMethods(TestMethodWorker.java:125)
	at org.testng.internal.TestMethodWorker.run(TestMethodWorker.java:108)
	at org.testng.TestRunner.privateRun(TestRunner.java:774)
	at org.testng.TestRunner.run(TestRunner.java:624)
	at org.testng.SuiteRunner.runTest(SuiteRunner.java:359)
	at org.testng.SuiteRunner.runSequentially(SuiteRunner.java:354)
	at org.testng.SuiteRunner.privateRun(SuiteRunner.java:312)
	at org.testng.SuiteRunner.run(SuiteRunner.java:261)
	at org.testng.SuiteRunnerWorker.runSuite(SuiteRunnerWorker.java:52)
	at org.testng.SuiteRunnerWorker.run(SuiteRunnerWorker.java:86)
	at org.testng.TestNG.runSuitesSequentially(TestNG.java:1215)
	at org.testng.TestNG.runSuitesLocally(TestNG.java:1140)
	at org.testng.TestNG.run(TestNG.java:1048)
	at org.testng.TestNG.privateMain(TestNG.java:1355)
	at org.testng.TestNG.main(TestNG.java:1324)
]]>
            </full-stacktrace>
          </exception> <!-- java.lang.AssertionError -->
          <reporter-output>
          </reporter-output>
        </test-method> <!-- Page90 -->
        <test-method status="FAIL" signature="Page91()[pri:0, instance:com.AmazonTests@25618e91]" name="Page91" duration-ms="1" started-at="2017-07-19T02:44:54Z" finished-at="2017-07-19T02:44:54Z">
          <exception class="java.lang.AssertionError">
            <message>
              <![CDATA[expected [true] but found [false]]]>
            </message>
            <full-stacktrace>
              <![CDATA[java.lang.AssertionError: expected [true] but found [false]
	at org.testng.Assert.fail(Assert.java:94)
	at org.testng.Assert.failNotEquals(Assert.java:496)
	at org.testng.Assert.assertEquals(Assert.java:125)
	at org.testng.Assert.assertEquals(Assert.java:288)
	at org.testng.Assert.assertEquals(Assert.java:298)
	at com.AmazonTests.Page91(AmazonTests.java:155)
	at sun.reflect.NativeMethodAccessorImpl.invoke0(Native Method)
	at sun.reflect.NativeMethodAccessorImpl.invoke(NativeMethodAccessorImpl.java:62)
	at sun.reflect.DelegatingMethodAccessorImpl.invoke(DelegatingMethodAccessorImpl.java:43)
	at java.lang.reflect.Method.invoke(Method.java:498)
	at org.testng.internal.MethodInvocationHelper.invokeMethod(MethodInvocationHelper.java:85)
	at org.testng.internal.Invoker.invokeMethod(Invoker.java:639)
	at org.testng.internal.Invoker.invokeTestMethod(Invoker.java:816)
	at org.testng.internal.Invoker.invokeTestMethods(Invoker.java:1124)
	at org.testng.internal.TestMethodWorker.invokeTestMethods(TestMethodWorker.java:125)
	at org.testng.internal.TestMethodWorker.run(TestMethodWorker.java:108)
	at org.testng.TestRunner.privateRun(TestRunner.java:774)
	at org.testng.TestRunner.run(TestRunner.java:624)
	at org.testng.SuiteRunner.runTest(SuiteRunner.java:359)
	at org.testng.SuiteRunner.runSequentially(SuiteRunner.java:354)
	at org.testng.SuiteRunner.privateRun(SuiteRunner.java:312)
	at org.testng.SuiteRunner.run(SuiteRunner.java:261)
	at org.testng.SuiteRunnerWorker.runSuite(SuiteRunnerWorker.java:52)
	at org.testng.SuiteRunnerWorker.run(SuiteRunnerWorker.java:86)
	at org.testng.TestNG.runSuitesSequentially(TestNG.java:1215)
	at org.testng.TestNG.runSuitesLocally(TestNG.java:1140)
	at org.testng.TestNG.run(TestNG.java:1048)
	at org.testng.TestNG.privateMain(TestNG.java:1355)
	at org.testng.TestNG.main(TestNG.java:1324)
]]>
            </full-stacktrace>
          </exception> <!-- java.lang.AssertionError -->
          <reporter-output>
          </reporter-output>
        </test-method> <!-- Page91 -->
        <test-method status="PASS" signature="Page9Test()[pri:0, instance:com.AmazonTests@25618e91]" name="Page9Test" duration-ms="0" started-at="2017-07-19T02:44:54Z" finished-at="2017-07-19T02:44:54Z">
          <reporter-output>
          </reporter-output>
        </test-method> <!-- Page9Test -->
      </class> <!-- com.AmazonTests -->
    </test> <!-- Simple Reporter test -->
  </suite> <!-- Simple Reporter Suite -->
</testng-results>
