<?xml version="1.0" encoding="UTF-8"?>
<!-- Generated by org.testng.reporters.JUnitXMLReporter -->
<testsuite hostname="ArunVincentJA" name="Simple Reporter test" tests="92" failures="3" timestamp="18 Jul 2017 21:14:54 GMT" time="0.149" errors="0">
  <testcase name="Page10Test" time="0.013" classname="com.AmazonTests"/>
  <testcase name="Page11" time="0.001" classname="com.AmazonTests"/>
  <testcase name="Page11Test" time="0.001" classname="com.AmazonTests"/>
  <testcase name="Page12" time="0.001" classname="com.AmazonTests"/>
  <testcase name="Page13" time="0.003" classname="com.AmazonTests"/>
  <testcase name="Page14" time="0.001" classname="com.AmazonTests"/>
  <testcase name="Page15" time="0.0" classname="com.AmazonTests"/>
  <testcase name="Page16" time="0.001" classname="com.AmazonTests"/>
  <testcase name="Page17" time="0.001" classname="com.AmazonTests"/>
  <testcase name="Page18" time="0.001" classname="com.AmazonTests"/>
  <testcase name="Page19" time="0.001" classname="com.AmazonTests"/>
  <testcase name="Page1Test" time="0.001" classname="com.AmazonTests"/>
  <testcase name="Page20" time="0.001" classname="com.AmazonTests"/>
  <testcase name="Page21" time="0.0" classname="com.AmazonTests"/>
  <testcase name="Page22" time="0.001" classname="com.AmazonTests"/>
  <testcase name="Page23" time="0.001" classname="com.AmazonTests"/>
  <testcase name="Page24" time="0.0" classname="com.AmazonTests"/>
  <testcase name="Page25" time="0.001" classname="com.AmazonTests"/>
  <testcase name="Page26" time="0.0" classname="com.AmazonTests"/>
  <testcase name="Page27" time="0.001" classname="com.AmazonTests"/>
  <testcase name="Page28" time="0.001" classname="com.AmazonTests"/>
  <testcase name="Page29" time="0.005" classname="com.AmazonTests"/>
  <testcase name="Page2Test" time="0.002" classname="com.AmazonTests"/>
  <testcase name="Page30" time="0.001" classname="com.AmazonTests"/>
  <testcase name="Page31" time="0.0" classname="com.AmazonTests"/>
  <testcase name="Page32" time="0.0" classname="com.AmazonTests"/>
  <testcase name="Page33" time="0.0" classname="com.AmazonTests"/>
  <testcase name="Page34" time="0.001" classname="com.AmazonTests"/>
  <testcase name="Page35" time="0.001" classname="com.AmazonTests"/>
  <testcase name="Page36" time="0.001" classname="com.AmazonTests"/>
  <testcase name="Page37" time="0.001" classname="com.AmazonTests"/>
  <testcase name="Page38" time="0.002" classname="com.AmazonTests"/>
  <testcase name="Page39" time="0.001" classname="com.AmazonTests"/>
  <testcase name="Page3Test" time="0.001" classname="com.AmazonTests"/>
  <testcase name="Page40" time="0.001" classname="com.AmazonTests"/>
  <testcase name="Page41" time="0.001" classname="com.AmazonTests"/>
  <testcase name="Page42" time="0.001" classname="com.AmazonTests"/>
  <testcase name="Page43" time="0.0" classname="com.AmazonTests"/>
  <testcase name="Page44" time="0.0" classname="com.AmazonTests"/>
  <testcase name="Page45" time="0.001" classname="com.AmazonTests"/>
  <testcase name="Page46" time="0.001" classname="com.AmazonTests"/>
  <testcase name="Page47" time="0.001" classname="com.AmazonTests"/>
  <testcase name="Page48" time="0.001" classname="com.AmazonTests"/>
  <testcase name="Page49" time="0.002" classname="com.AmazonTests"/>
  <testcase name="Page4Test" time="0.001" classname="com.AmazonTests"/>
  <testcase name="Page50" time="0.001" classname="com.AmazonTests"/>
  <testcase name="Page51" time="0.003" classname="com.AmazonTests"/>
  <testcase name="Page52" time="0.001" classname="com.AmazonTests"/>
  <testcase name="Page53" time="0.001" classname="com.AmazonTests"/>
  <testcase name="Page54" time="0.001" classname="com.AmazonTests"/>
  <testcase name="Page55" time="0.001" classname="com.AmazonTests"/>
  <testcase name="Page56" time="0.001" classname="com.AmazonTests"/>
  <testcase name="Page57" time="0.0" classname="com.AmazonTests"/>
  <testcase name="Page58" time="0.001" classname="com.AmazonTests"/>
  <testcase name="Page59" time="0.0" classname="com.AmazonTests"/>
  <testcase name="Page5Test" time="0.001" classname="com.AmazonTests"/>
  <testcase name="Page60" time="0.001" classname="com.AmazonTests"/>
  <testcase name="Page61" time="0.001" classname="com.AmazonTests"/>
  <testcase name="Page62" time="0.001" classname="com.AmazonTests"/>
  <testcase name="Page63" time="0.001" classname="com.AmazonTests"/>
  <testcase name="Page64" time="0.001" classname="com.AmazonTests"/>
  <testcase name="Page65" time="0.001" classname="com.AmazonTests"/>
  <testcase name="Page66" time="0.001" classname="com.AmazonTests"/>
  <testcase name="Page67" time="0.002" classname="com.AmazonTests"/>
  <testcase name="Page68" time="0.001" classname="com.AmazonTests"/>
  <testcase name="Page69" time="0.001" classname="com.AmazonTests"/>
  <testcase name="Page6Test" time="0.001" classname="com.AmazonTests"/>
  <testcase name="Page70" time="0.001" classname="com.AmazonTests"/>
  <testcase name="Page71" time="0.001" classname="com.AmazonTests"/>
  <testcase name="Page72" time="0.001" classname="com.AmazonTests"/>
  <testcase name="Page73" time="0.001" classname="com.AmazonTests"/>
  <testcase name="Page74" time="0.001" classname="com.AmazonTests"/>
  <testcase name="Page75" time="0.001" classname="com.AmazonTests"/>
  <testcase name="Page76" time="0.001" classname="com.AmazonTests"/>
  <testcase name="Page77" time="0.001" classname="com.AmazonTests"/>
  <testcase name="Page78" time="0.001" classname="com.AmazonTests"/>
  <testcase name="Page79" time="0.001" classname="com.AmazonTests"/>
  <testcase name="Page7Test" time="0.001" classname="com.AmazonTests"/>
  <testcase name="Page80" time="0.002" classname="com.AmazonTests"/>
  <testcase name="Page81" time="0.002" classname="com.AmazonTests"/>
  <testcase name="Page82" time="0.001" classname="com.AmazonTests"/>
  <testcase name="Page83" time="0.001" classname="com.AmazonTests"/>
  <testcase name="Page84" time="0.0" classname="com.AmazonTests"/>
  <testcase name="Page85" time="0.001" classname="com.AmazonTests"/>
  <testcase name="Page86" time="0.0" classname="com.AmazonTests"/>
  <testcase name="Page87" time="0.001" classname="com.AmazonTests"/>
  <testcase name="Page88" time="0.001" classname="com.AmazonTests"/>
  <testcase name="Page89" time="0.002" classname="com.AmazonTests">
    <failure type="java.lang.AssertionError" message="expected [true] but found [false]">
      <![CDATA[java.lang.AssertionError: expected [true] but found [false]
	at com.AmazonTests.Page89(AmazonTests.java:153)
... Removed 28 stack frames]]>
    </failure>
  </testcase> <!-- Page89 -->
  <testcase name="Page8Test" time="0.0" classname="com.AmazonTests"/>
  <testcase name="Page90" time="0.001" classname="com.AmazonTests">
    <failure type="java.lang.AssertionError" message="expected [true] but found [false]">
      <![CDATA[java.lang.AssertionError: expected [true] but found [false]
	at com.AmazonTests.Page90(AmazonTests.java:154)
... Removed 28 stack frames]]>
    </failure>
  </testcase> <!-- Page90 -->
  <testcase name="Page91" time="0.001" classname="com.AmazonTests">
    <failure type="java.lang.AssertionError" message="expected [true] but found [false]">
      <![CDATA[java.lang.AssertionError: expected [true] but found [false]
	at com.AmazonTests.Page91(AmazonTests.java:155)
... Removed 28 stack frames]]>
    </failure>
  </testcase> <!-- Page91 -->
  <testcase name="Page9Test" time="0.0" classname="com.AmazonTests"/>
</testsuite> <!-- Simple Reporter test -->
